Build started 4/16/2015 10:35:29 AM.
     1>Project "D:\opencv\fyp-2D\fyp-2D\fyp-2D.vcxproj" on node 2 (build target(s)).
     1>InitializeBuildStatus:
         Creating "Debug\fyp-2D.unsuccessfulbuild" because "AlwaysCreate" was specified.
       ClCompile:
         C:\Program Files (x86)\Microsoft Visual Studio 10.0\VC\bin\CL.exe /c /ZI /nologo /W3 /WX- /Od /Oy- /D WIN32 /D _DEBUG /D _CONSOLE /D _UNICODE /D UNICODE /Gm /EHsc /RTC1 /MDd /GS /fp:precise /Zc:wchar_t /Zc:forScope /Fo"Debug\\" /Fd"Debug\vc100.pdb" /Gd /TP /analyze- /errorReport:prompt src.cpp
         src.cpp
     1>d:\opencv\fyp-2d\fyp-2d\src.cpp(148): warning C4244: '=' : conversion from 'float' to 'int', possible loss of data
     1>d:\opencv\fyp-2d\fyp-2d\src.cpp(149): warning C4244: '=' : conversion from 'float' to 'int', possible loss of data
       Link:
         C:\Program Files (x86)\Microsoft Visual Studio 10.0\VC\bin\link.exe /ERRORREPORT:PROMPT /OUT:"D:\opencv\fyp-2D\Debug\fyp-2D.exe" /INCREMENTAL:NO /NOLOGO /LIBPATH:c:\opencv\build\x86\vc10\lib opencv_calib3d2410d.lib opencv_contrib2410d.lib opencv_core2410d.lib opencv_features2d2410d.lib opencv_flann2410d.lib opencv_gpu2410d.lib opencv_highgui2410d.lib opencv_imgproc2410d.lib opencv_legacy2410d.lib opencv_ml2410d.lib opencv_nonfree2410d.lib opencv_objdetect2410d.lib opencv_ocl2410d.lib opencv_photo2410d.lib opencv_stitching2410d.lib opencv_superres2410d.lib opencv_ts2410d.lib opencv_video2410d.lib opencv_videostab2410d.lib kernel32.lib user32.lib gdi32.lib winspool.lib comdlg32.lib advapi32.lib shell32.lib ole32.lib oleaut32.lib uuid.lib odbc32.lib odbccp32.lib /MANIFEST /ManifestFile:"Debug\fyp-2D.exe.intermediate.manifest" /MANIFESTUAC:"level='asInvoker' uiAccess='false'" /DEBUG /PDB:"D:\opencv\fyp-2D\Debug\fyp-2D.pdb" /SUBSYSTEM:CONSOLE /TLBID:1 /DYNAMICBASE /NXCOMPAT /IMPLIB:"D:\opencv\fyp-2D\Debug\fyp-2D.lib" /MACHINE:X86 Debug\src.obj
     1>src.obj : warning LNK4075: ignoring '/EDITANDCONTINUE' due to '/INCREMENTAL:NO' specification
         fyp-2D.vcxproj -> D:\opencv\fyp-2D\Debug\fyp-2D.exe
       Manifest:
         C:\Program Files (x86)\Microsoft SDKs\Windows\v7.0A\bin\mt.exe /nologo /verbose /outputresource:"D:\opencv\fyp-2D\Debug\fyp-2D.exe;#1" /manifest "Debug\fyp-2D.exe.intermediate.manifest"
       FinalizeBuildStatus:
         Deleting file "Debug\fyp-2D.unsuccessfulbuild".
         Touching "Debug\fyp-2D.lastbuildstate".
     1>Done Building Project "D:\opencv\fyp-2D\fyp-2D\fyp-2D.vcxproj" (build target(s)).

Build succeeded.

Time Elapsed 00:00:02.04
